<?xml version="1.0" encoding="utf-8"?><testsuites><testsuite name="pytest" errors="0" failures="1" skipped="0" tests="10" time="88.308" timestamp="2024-07-11T14:04:44.670455" hostname="C02DP9MZML7H"><testcase classname="tests.test_blast" name="test_read_config" time="0.025" /><testcase classname="tests.test_blast" name="test_get_db_path" time="0.002" /><testcase classname="tests.test_blast" name="test_blast_job" time="7.081" /><testcase classname="tests.test_blast" name="test_blast_jobs" time="4.009" /><testcase classname="tests.test_blast" name="test_blast_job_data_error" time="0.008" /><testcase classname="tests.test_blast" name="test_blast_job_jd_error" time="0.169" /><testcase classname="tests.test_blast" name="test_blast_job_status" time="75.012"><failure message="assert 500 == 200&#10; +  where 500 = &lt;Response [500 Internal Server Error]&gt;.status_code">def test_blast_job_status():
    	with TestClient(app) as client:
    		response = client.get(API_PREFIX + '/blast/jobs/status/ncbiblast_ensembl-12345')
&gt;   		assert response.status_code == 200
E     assert 500 == 200
E      +  where 500 = &lt;Response [500 Internal Server Error]&gt;.status_code

tests/test_blast.py:92: AssertionError</failure></testcase><testcase classname="tests.test_blast" name="test_blast_job_statuses" time="0.055" /><testcase classname="tests.test_blast" name="test_blast_proxy_error" time="0.062" /><testcase classname="tests.test_blast" name="test_404_error" time="0.006" /></testsuite></testsuites>